<?xml version="1.0" encoding="UTF-8"?>
<testsuite xmlns:xsi="http://www.w3.org/2001/XMLSchema-instance" xsi:noNamespaceSchemaLocation="https://maven.apache.org/surefire/maven-surefire-plugin/xsd/surefire-test-report.xsd" name="br.ufsc.atividade10.BufferTest" time="1.885" tests="6" errors="0" skipped="0" failures="0">
  <properties>
    <property name="awt.toolkit" value="sun.awt.X11.XToolkit"/>
    <property name="java.specification.version" value="11"/>
    <property name="sun.cpu.isalist" value=""/>
    <property name="sun.jnu.encoding" value="UTF-8"/>
    <property name="java.class.path" value="/home/lucas/Documentos/19.1/INE5410/java/atividade_10/target/test-classes:/home/lucas/Documentos/19.1/INE5410/java/atividade_10/target/classes:/home/lucas/.m2/repository/com/google/code/findbugs/jsr305/3.0.2/jsr305-3.0.2.jar:/home/lucas/.m2/repository/org/apache/commons/commons-lang3/3.8/commons-lang3-3.8.jar:/home/lucas/.m2/repository/junit/junit/4.11/junit-4.11.jar:/home/lucas/.m2/repository/org/hamcrest/hamcrest-core/1.3/hamcrest-core-1.3.jar:"/>
    <property name="java.vm.vendor" value="Oracle Corporation"/>
    <property name="sun.arch.data.model" value="64"/>
    <property name="java.vendor.url" value="http://java.oracle.com/"/>
    <property name="user.timezone" value=""/>
    <property name="java.vm.specification.version" value="11"/>
    <property name="os.name" value="Linux"/>
    <property name="sun.java.launcher" value="SUN_STANDARD"/>
    <property name="user.country" value="CA"/>
    <property name="sun.boot.library.path" value="/usr/lib/jvm/java-11-openjdk/lib"/>
    <property name="sun.java.command" value="/home/lucas/Documentos/19.1/INE5410/java/atividade_10/target/surefire/surefirebooter17824009936601464874.jar /home/lucas/Documentos/19.1/INE5410/java/atividade_10/target/surefire 2019-06-11T22-16-10_428-jvmRun1 surefire9210830443595617318tmp surefire_015991785541331785966tmp"/>
    <property name="jdk.debug" value="release"/>
    <property name="surefire.test.class.path" value="/home/lucas/Documentos/19.1/INE5410/java/atividade_10/target/test-classes:/home/lucas/Documentos/19.1/INE5410/java/atividade_10/target/classes:/home/lucas/.m2/repository/com/google/code/findbugs/jsr305/3.0.2/jsr305-3.0.2.jar:/home/lucas/.m2/repository/org/apache/commons/commons-lang3/3.8/commons-lang3-3.8.jar:/home/lucas/.m2/repository/junit/junit/4.11/junit-4.11.jar:/home/lucas/.m2/repository/org/hamcrest/hamcrest-core/1.3/hamcrest-core-1.3.jar:"/>
    <property name="sun.cpu.endian" value="little"/>
    <property name="user.home" value="/home/lucas"/>
    <property name="user.language" value="en"/>
    <property name="java.specification.vendor" value="Oracle Corporation"/>
    <property name="java.version.date" value="2019-04-16"/>
    <property name="java.home" value="/usr/lib/jvm/java-11-openjdk"/>
    <property name="file.separator" value="/"/>
    <property name="basedir" value="/home/lucas/Documentos/19.1/INE5410/java/atividade_10"/>
    <property name="java.vm.compressedOopsMode" value="32-bit"/>
    <property name="line.separator" value="&#10;"/>
    <property name="java.specification.name" value="Java Platform API Specification"/>
    <property name="java.vm.specification.vendor" value="Oracle Corporation"/>
    <property name="java.awt.graphicsenv" value="sun.awt.X11GraphicsEnvironment"/>
    <property name="surefire.real.class.path" value="/home/lucas/Documentos/19.1/INE5410/java/atividade_10/target/surefire/surefirebooter17824009936601464874.jar"/>
    <property name="sun.management.compiler" value="HotSpot 64-Bit Tiered Compilers"/>
    <property name="java.runtime.version" value="11.0.3+4"/>
    <property name="user.name" value="lucas"/>
    <property name="path.separator" value=":"/>
    <property name="os.version" value="5.1.8-arch1-1-ARCH"/>
    <property name="java.runtime.name" value="OpenJDK Runtime Environment"/>
    <property name="file.encoding" value="UTF-8"/>
    <property name="java.vm.name" value="OpenJDK 64-Bit Server VM"/>
    <property name="localRepository" value="/home/lucas/.m2/repository"/>
    <property name="java.vendor.url.bug" value="http://bugreport.java.com/bugreport/"/>
    <property name="java.io.tmpdir" value="/tmp"/>
    <property name="java.version" value="11.0.3"/>
    <property name="user.dir" value="/home/lucas/Documentos/19.1/INE5410/java/atividade_10"/>
    <property name="os.arch" value="amd64"/>
    <property name="java.vm.specification.name" value="Java Virtual Machine Specification"/>
    <property name="java.awt.printerjob" value="sun.print.PSPrinterJob"/>
    <property name="sun.os.patch.level" value="unknown"/>
    <property name="java.library.path" value="/usr/java/packages/lib:/usr/lib64:/lib64:/lib:/usr/lib"/>
    <property name="java.vendor" value="Oracle Corporation"/>
    <property name="java.vm.info" value="mixed mode"/>
    <property name="java.vm.version" value="11.0.3+4"/>
    <property name="sun.io.unicode.encoding" value="UnicodeLittle"/>
    <property name="java.class.version" value="55.0"/>
  </properties>
  <testcase name="testAddXBlocks" classname="br.ufsc.atividade10.BufferTest" time="0.41"/>
  <testcase name="testAddOBlocks" classname="br.ufsc.atividade10.BufferTest" time="0.401"/>
  <testcase name="testBlockOnEmpty" classname="br.ufsc.atividade10.BufferTest" time="0.204"/>
  <testcase name="testBlockWithPartial" classname="br.ufsc.atividade10.BufferTest" time="0.404"/>
  <testcase name="testAddBlocks" classname="br.ufsc.atividade10.BufferTest" time="0.202"/>
  <testcase name="testWellBehaved" classname="br.ufsc.atividade10.BufferTest" time="0.204"/>
</testsuite>